<?xml version="1.0" encoding="UTF-8"?>
<testng-results ignored="0" total="1" passed="1" failed="0" skipped="0">
  <reporter-output>
  </reporter-output>
  <suite started-at="2024-08-04T19:10:38 IST" name="Surefire suite" finished-at="2024-08-04T19:10:50 IST" duration-ms="11950">
    <groups>
    </groups>
    <test started-at="2024-08-04T19:10:38 IST" name="Surefire test" finished-at="2024-08-04T19:10:50 IST" duration-ms="11950">
      <class name="com.automation.tests.LoginTest">
        <test-method is-config="true" signature="setUp()[pri:0, instance:com.automation.tests.LoginTest@358ee631]" started-at="2024-08-04T19:10:38 IST" name="setUp" finished-at="2024-08-04T19:10:45 IST" duration-ms="6795" status="PASS">
          <reporter-output>
          </reporter-output>
        </test-method> <!-- setUp -->
        <test-method signature="verifyUserIsAbleToLoginWithValidCredentials()[pri:0, instance:com.automation.tests.LoginTest@358ee631]" started-at="2024-08-04T19:10:45 IST" name="verifyUserIsAbleToLoginWithValidCredentials" finished-at="2024-08-04T19:10:49 IST" duration-ms="3734" status="PASS">
          <reporter-output>
          </reporter-output>
        </test-method> <!-- verifyUserIsAbleToLoginWithValidCredentials -->
        <test-method is-config="true" signature="cleanUp()[pri:0, instance:com.automation.tests.LoginTest@358ee631]" started-at="2024-08-04T19:10:49 IST" name="cleanUp" finished-at="2024-08-04T19:10:50 IST" duration-ms="1374" status="PASS">
          <reporter-output>
          </reporter-output>
        </test-method> <!-- cleanUp -->
      </class> <!-- com.automation.tests.LoginTest -->
    </test> <!-- Surefire test -->
  </suite> <!-- Surefire suite -->
</testng-results>
